mode: set
github.com/otterscale/otterscale/internal/enum/alloc_type.go:42.32,46.2 3 1
github.com/otterscale/otterscale/internal/enum/alloc_type.go:49.38,53.2 3 0
github.com/otterscale/otterscale/internal/enum/alloc_type.go:64.36,65.37 1 1
github.com/otterscale/otterscale/internal/enum/alloc_type.go:65.37,67.3 1 1
github.com/otterscale/otterscale/internal/enum/alloc_type.go:68.2,68.40 1 1
github.com/otterscale/otterscale/internal/enum/alloc_type.go:73.35,76.2 2 1
github.com/otterscale/otterscale/internal/enum/alloc_type.go:87.53,88.40 1 1
github.com/otterscale/otterscale/internal/enum/alloc_type.go:88.40,90.3 1 1
github.com/otterscale/otterscale/internal/enum/alloc_type.go:91.2,91.72 1 1
github.com/otterscale/otterscale/internal/enum/alloc_type.go:95.50,97.2 1 1
github.com/otterscale/otterscale/internal/enum/alloc_type.go:100.54,103.16 3 1
github.com/otterscale/otterscale/internal/enum/alloc_type.go:103.16,105.3 1 1
github.com/otterscale/otterscale/internal/enum/alloc_type.go:106.2,107.12 2 1
github.com/otterscale/otterscale/internal/enum/error_level.go:42.33,46.2 3 1
github.com/otterscale/otterscale/internal/enum/error_level.go:57.37,58.38 1 1
github.com/otterscale/otterscale/internal/enum/error_level.go:58.38,60.3 1 1
github.com/otterscale/otterscale/internal/enum/error_level.go:61.2,61.41 1 1
github.com/otterscale/otterscale/internal/enum/error_level.go:66.36,69.2 2 1
github.com/otterscale/otterscale/internal/enum/error_level.go:80.55,81.41 1 1
github.com/otterscale/otterscale/internal/enum/error_level.go:81.41,83.3 1 1
github.com/otterscale/otterscale/internal/enum/error_level.go:84.2,84.74 1 1
github.com/otterscale/otterscale/internal/enum/error_level.go:88.51,90.2 1 1
github.com/otterscale/otterscale/internal/enum/error_level.go:93.55,96.16 3 1
github.com/otterscale/otterscale/internal/enum/error_level.go:96.16,98.3 1 1
github.com/otterscale/otterscale/internal/enum/error_level.go:99.2,100.12 2 1
github.com/otterscale/otterscale/internal/enum/node_type.go:42.31,46.2 3 1
github.com/otterscale/otterscale/internal/enum/node_type.go:49.37,53.2 3 1
github.com/otterscale/otterscale/internal/enum/node_type.go:64.35,65.36 1 1
github.com/otterscale/otterscale/internal/enum/node_type.go:65.36,67.3 1 1
github.com/otterscale/otterscale/internal/enum/node_type.go:68.2,68.39 1 1
github.com/otterscale/otterscale/internal/enum/node_type.go:73.34,76.2 2 1
github.com/otterscale/otterscale/internal/enum/node_type.go:87.51,88.39 1 1
github.com/otterscale/otterscale/internal/enum/node_type.go:88.39,90.3 1 1
github.com/otterscale/otterscale/internal/enum/node_type.go:91.2,91.70 1 1
github.com/otterscale/otterscale/internal/enum/node_type.go:95.49,97.2 1 1
github.com/otterscale/otterscale/internal/enum/node_type.go:100.53,103.16 3 1
github.com/otterscale/otterscale/internal/enum/node_type.go:103.16,105.3 1 1
github.com/otterscale/otterscale/internal/enum/node_type.go:106.2,107.12 2 1
github.com/otterscale/otterscale/internal/wrap/http.go:10.63,12.16 2 1
github.com/otterscale/otterscale/internal/wrap/http.go:12.16,14.3 1 0
github.com/otterscale/otterscale/internal/wrap/http.go:16.2,17.16 2 1
github.com/otterscale/otterscale/internal/wrap/http.go:17.16,19.3 1 1
github.com/otterscale/otterscale/internal/wrap/http.go:20.2,22.53 2 1
github.com/otterscale/otterscale/internal/wrap/http.go:22.53,24.3 1 1
github.com/otterscale/otterscale/internal/wrap/http.go:26.2,26.30 1 1
